2019-10-11 09:31:04.671  INFO 19520 --- [main] c.emergency.project.MeetingApplication   : Starting MeetingApplication on DESKTOP-IAJLH3M with PID 19520 (C:\Users\Devcon\eclipse-workspace\Meeting\target\classes started by Devcon in C:\Users\Devcon\eclipse-workspace\Meeting)
2019-10-11 09:31:04.673 DEBUG 19520 --- [main] c.emergency.project.MeetingApplication   : Running with Spring Boot v2.1.9.RELEASE, Spring v5.1.10.RELEASE
2019-10-11 09:31:04.673  INFO 19520 --- [main] c.emergency.project.MeetingApplication   : No active profile set, falling back to default profiles: default
2019-10-11 09:31:05.185  INFO 19520 --- [main] .s.d.r.c.RepositoryConfigurationDelegate : Bootstrapping Spring Data repositories in DEFAULT mode.
2019-10-11 09:31:05.267  INFO 19520 --- [main] .s.d.r.c.RepositoryConfigurationDelegate : Finished Spring Data repository scanning in 76ms. Found 1 repository interfaces.
2019-10-11 09:31:05.541  INFO 19520 --- [main] trationDelegate$BeanPostProcessorChecker : Bean 'org.springframework.transaction.annotation.ProxyTransactionManagementConfiguration' of type [org.springframework.transaction.annotation.ProxyTransactionManagementConfiguration$$EnhancerBySpringCGLIB$$a4bdb557] is not eligible for getting processed by all BeanPostProcessors (for example: not eligible for auto-proxying)
2019-10-11 09:31:05.774  INFO 19520 --- [main] o.s.b.w.embedded.tomcat.TomcatWebServer  : Tomcat initialized with port(s): 7070 (http)
2019-10-11 09:31:05.802  INFO 19520 --- [main] o.apache.catalina.core.StandardService   : Starting service [Tomcat]
2019-10-11 09:31:05.803  INFO 19520 --- [main] org.apache.catalina.core.StandardEngine  : Starting Servlet engine: [Apache Tomcat/9.0.26]
2019-10-11 09:31:05.928  INFO 19520 --- [main] o.a.c.c.C.[Tomcat].[localhost].[/]       : Initializing Spring embedded WebApplicationContext
2019-10-11 09:31:05.929  INFO 19520 --- [main] o.s.web.context.ContextLoader            : Root WebApplicationContext: initialization completed in 1225 ms
2019-10-11 09:31:06.074  INFO 19520 --- [main] com.zaxxer.hikari.HikariDataSource       : HikariPool-1 - Starting...
2019-10-11 09:31:06.346  INFO 19520 --- [main] com.zaxxer.hikari.HikariDataSource       : HikariPool-1 - Start completed.
2019-10-11 09:31:06.384  INFO 19520 --- [main] o.hibernate.jpa.internal.util.LogHelper  : HHH000204: Processing PersistenceUnitInfo [
	name: default
	...]
2019-10-11 09:31:06.435  INFO 19520 --- [main] org.hibernate.Version                    : HHH000412: Hibernate Core {5.3.12.Final}
2019-10-11 09:31:06.441  INFO 19520 --- [main] org.hibernate.cfg.Environment            : HHH000206: hibernate.properties not found
2019-10-11 09:31:06.593  INFO 19520 --- [main] o.hibernate.annotations.common.Version   : HCANN000001: Hibernate Commons Annotations {5.0.4.Final}
2019-10-11 09:31:06.687  INFO 19520 --- [main] org.hibernate.dialect.Dialect            : HHH000400: Using dialect: org.hibernate.dialect.MySQL5Dialect
2019-10-11 09:31:07.185  INFO 19520 --- [main] j.LocalContainerEntityManagerFactoryBean : Initialized JPA EntityManagerFactory for persistence unit 'default'
2019-10-11 09:31:07.595  INFO 19520 --- [main] o.s.s.concurrent.ThreadPoolTaskExecutor  : Initializing ExecutorService 'applicationTaskExecutor'
2019-10-11 09:31:07.623  WARN 19520 --- [main] aWebConfiguration$JpaWebMvcConfiguration : spring.jpa.open-in-view is enabled by default. Therefore, database queries may be performed during view rendering. Explicitly configure spring.jpa.open-in-view to disable this warning
2019-10-11 09:31:07.768  INFO 19520 --- [main] o.s.b.w.embedded.tomcat.TomcatWebServer  : Tomcat started on port(s): 7070 (http) with context path ''
2019-10-11 09:31:07.770  INFO 19520 --- [main] c.emergency.project.MeetingApplication   : Started MeetingApplication in 3.379 seconds (JVM running for 4.047)
2019-10-11 09:31:17.790  INFO 19520 --- [http-nio-7070-exec-2] o.a.c.c.C.[Tomcat].[localhost].[/]       : Initializing Spring DispatcherServlet 'dispatcherServlet'
2019-10-11 09:31:17.792  INFO 19520 --- [http-nio-7070-exec-2] o.s.web.servlet.DispatcherServlet        : Initializing Servlet 'dispatcherServlet'
2019-10-11 09:31:17.801  INFO 19520 --- [http-nio-7070-exec-2] o.s.web.servlet.DispatcherServlet        : Completed initialization in 8 ms
2019-10-11 09:31:17.827 TRACE 19520 --- [http-nio-7070-exec-2] com.emergency.project.MeetingController  : Home method accessed
2019-10-11 09:31:18.044 TRACE 19520 --- [http-nio-7070-exec-3] com.emergency.project.MeetingController  : Home method accessed
2019-10-11 09:31:18.483 TRACE 19520 --- [http-nio-7070-exec-4] com.emergency.project.MeetingController  : Home method accessed
2019-10-11 09:31:18.834 TRACE 19520 --- [http-nio-7070-exec-5] com.emergency.project.MeetingController  : Home method accessed
2019-10-11 09:31:19.146 TRACE 19520 --- [http-nio-7070-exec-6] com.emergency.project.MeetingController  : Home method accessed
2019-10-11 09:31:19.457 TRACE 19520 --- [http-nio-7070-exec-7] com.emergency.project.MeetingController  : Home method accessed
2019-10-11 09:31:47.822  INFO 19520 --- [RMI TCP Connection(2)-127.0.0.1] inMXBeanRegistrar$SpringApplicationAdmin : Application shutdown requested.
2019-10-11 09:31:47.830  INFO 19520 --- [RMI TCP Connection(2)-127.0.0.1] o.s.s.concurrent.ThreadPoolTaskExecutor  : Shutting down ExecutorService 'applicationTaskExecutor'
2019-10-11 09:31:47.832  INFO 19520 --- [RMI TCP Connection(2)-127.0.0.1] j.LocalContainerEntityManagerFactoryBean : Closing JPA EntityManagerFactory for persistence unit 'default'
2019-10-11 09:31:47.835  INFO 19520 --- [RMI TCP Connection(2)-127.0.0.1] com.zaxxer.hikari.HikariDataSource       : HikariPool-1 - Shutdown initiated...
2019-10-11 09:31:47.854  INFO 19520 --- [RMI TCP Connection(2)-127.0.0.1] com.zaxxer.hikari.HikariDataSource       : HikariPool-1 - Shutdown completed.
